<?xml version="1.0" encoding="UTF-8"?>
<!-- Generated by org.testng.reporters.JUnitReportReporter -->
<testsuite skipped="0" hostname="DESKTOP-KBF4O9F" name="TesNGlogin.loginbrowse" tests="1" failures="0" timestamp="07 Jul 2020 02:15:53 GMT" time="4.378" errors="0">
  <testcase name="loginsite" time="4.378" classname="TesNGlogin.loginbrowse"/>
</testsuite> <!-- TesNGlogin.loginbrowse -->
