<?xml version="1.0" encoding="UTF-8"?>
<!-- Generated by org.testng.reporters.JUnitReportReporter -->
<testsuite skipped="0" hostname="DESKTOP-KBF4O9F" name="windowHandle.windowTabhandle" tests="1" failures="0" timestamp="2020-07-07T23:55:45 CDT" time="3.374" errors="0">
  <testcase name="windowTab" time="3.374" classname="windowHandle.windowTabhandle"/>
  <system-out/>
</testsuite> <!-- windowHandle.windowTabhandle -->
